[09-Oct-2025 06:57:20 UTC] PHP Fatal error:  Cannot redeclare log_error() (previously declared in C:\laragon\www\chandusoft\app\logger.php:10) in C:\laragon\www\chandusoft\app\logger.php on line 10
[2025-10-09 06:57:20] Fatal Error: Cannot redeclare log_error() (previously declared in C:\laragon\www\chandusoft\app\logger.php:10) in C:\laragon\www\chandusoft\app\logger.php:10
[09-Oct-2025 06:57:22 UTC] PHP Fatal error:  Cannot redeclare log_error() (previously declared in C:\laragon\www\chandusoft\app\logger.php:10) in C:\laragon\www\chandusoft\app\logger.php on line 10
[2025-10-09 06:57:22] Fatal Error: Cannot redeclare log_error() (previously declared in C:\laragon\www\chandusoft\app\logger.php:10) in C:\laragon\www\chandusoft\app\logger.php:10
[09-Oct-2025 06:57:24 UTC] PHP Fatal error:  Cannot redeclare log_error() (previously declared in C:\laragon\www\chandusoft\app\logger.php:10) in C:\laragon\www\chandusoft\app\logger.php on line 10
[2025-10-09 06:57:24] Fatal Error: Cannot redeclare log_error() (previously declared in C:\laragon\www\chandusoft\app\logger.php:10) in C:\laragon\www\chandusoft\app\logger.php:10
[2025-10-09 07:03:42] Registration Error: SQLSTATE[01000]: Warning: 1265 Data truncated for column 'role' at row 1
[2025-10-09 07:05:44] Registration Error: SQLSTATE[01000]: Warning: 1265 Data truncated for column 'role' at row 1
[2025-10-09 07:24:42] Login FAILED for email: saleem@gmail.com
[2025-10-09 07:28:36] Registration Error: SQLSTATE[01000]: Warning: 1265 Data truncated for column 'role' at row 1
[2025-10-09 07:41:00] Registration Error: SQLSTATE[01000]: Warning: 1265 Data truncated for column 'role' at row 1
[2025-10-09 07:52:46] Login FAILED for email: saleema@gmail.com
[2025-10-09 07:53:56] Database Connection Failed: SQLSTATE[HY000] [1049] Unknown database 'csoft'
[2025-10-09 07:53:58] Database Connection Failed: SQLSTATE[HY000] [1049] Unknown database 'csoft'
[2025-10-09 07:54:04] Database Connection Failed: SQLSTATE[HY000] [1049] Unknown database 'csoft'
[2025-10-09 07:54:12] Database Connection Failed: SQLSTATE[HY000] [1049] Unknown database 'csoft'
[2025-10-09 08:35:21] Login FAILED for email: jaisaiy@gmail.com
[2025-10-09 08:35:26] Login FAILED for email: jaisaiy@gmail.com
[2025-10-09 08:35:33] Login FAILED for email: jaisaiy@gmail.com
[2025-10-09 09:27:15] Login FAILED for email: jaisaiy@gmail.com
[2025-10-09 09:27:19] Login FAILED for email: jaisaiy@gmail.com
[2025-10-09 09:27:26] Login FAILED for email: jaisaiy@gmail.com
[2025-10-09 09:27:30] Login FAILED for email: jaisaiy@gmail.com
[2025-10-09 09:27:42] Login FAILED for email: jaisaiy@gmail.com
[2025-10-09 09:29:05] Login SUCCESS for email: Sameer.Mohammed@chandusoft.com
[2025-10-09 09:30:03] Login FAILED for email: saleem@gmail.com
[2025-10-09 09:30:07] Login FAILED for email: saleem@gmail.com
[09-Oct-2025 09:42:12 UTC] PHP Fatal error:  Cannot redeclare log_error() (previously declared in C:\laragon\www\chandusoft\app\logger.php:10) in C:\laragon\www\chandusoft\app\logger.php on line 10
[2025-10-09 09:42:12] Fatal Error: Cannot redeclare log_error() (previously declared in C:\laragon\www\chandusoft\app\logger.php:10) in C:\laragon\www\chandusoft\app\logger.php:10
[09-Oct-2025 09:42:16 UTC] PHP Fatal error:  Cannot redeclare log_error() (previously declared in C:\laragon\www\chandusoft\app\logger.php:10) in C:\laragon\www\chandusoft\app\logger.php on line 10
[2025-10-09 09:42:16] Fatal Error: Cannot redeclare log_error() (previously declared in C:\laragon\www\chandusoft\app\logger.php:10) in C:\laragon\www\chandusoft\app\logger.php:10
[2025-10-09 09:44:58] Registration Success: User fdgdfbg (sameera@gmail.com) created with role editor
[2025-10-09 09:45:33] Registration Success: User Md (md@gmail.com) created with role editor
[2025-10-09 09:46:31] Registration Error: Duplicate email attempt - siva@gmail.com
[2025-10-09 09:46:59] Registration Success: User sameer (md1@gmail.com) created with role editor
[2025-10-09 09:48:19] Login FAILED for email: saleem@gmail.com
[2025-10-09 09:48:22] Login FAILED for email: saleem@gmail.com
[2025-10-09 09:48:25] Login FAILED for email: saleem@gmail.com
[2025-10-09 10:51:02] Login FAILED for email: narayan122@gmail.com
[2025-10-09 10:51:34] Login FAILED for email: narayan122@gmail.com
[2025-10-09 11:04:46] Login FAILED for email: asasa@gmail.com
[2025-10-10 05:25:54] Uncaught Exception: Cannot access offset of type string on string in C:\laragon\www\chandusoft\admin\index.php:94
[2025-10-10 05:29:22] Login FAILED for email: saleem@gmail.com
[2025-10-10 05:29:28] Login FAILED for email: saleem@gmail.com
[2025-10-10 05:44:55] Uncaught Exception: Cannot access offset of type string on string in C:\laragon\www\chandusoft\admin\index.php:94
[2025-10-10 05:45:27] Uncaught Exception: Cannot access offset of type string on string in C:\laragon\www\chandusoft\admin\index.php:94
[2025-10-10 05:45:57] Uncaught Exception: Cannot access offset of type string on string in C:\laragon\www\chandusoft\admin\index.php:94
[2025-10-10 05:46:35] Uncaught Exception: Cannot access offset of type string on string in C:\laragon\www\chandusoft\admin\index.php:94
[2025-10-10 05:53:47] Uncaught Exception: Cannot access offset of type string on string in C:\laragon\www\chandusoft\admin\index.php:94
[2025-10-10 05:54:41] Uncaught Exception: Cannot access offset of type string on string in C:\laragon\www\chandusoft\admin\index.php:94
[2025-10-10 07:48:04] Uncaught Exception: Cannot access offset of type string on string in C:\laragon\www\chandusoft\admin\index.php:94
[2025-10-10 07:54:13] Uncaught Exception: Cannot access offset of type string on string in C:\laragon\www\chandusoft\admin\index.php:94
[2025-10-10 07:57:11] Uncaught Exception: Cannot access offset of type string on string in C:\laragon\www\chandusoft\admin\index.php:94
[10-Oct-2025 08:00:57 UTC] PHP Deprecated:  htmlspecialchars(): Passing null to parameter #1 ($string) of type string is deprecated in C:\laragon\www\chandusoft\admin\index.php on line 49
[10-Oct-2025 08:00:57 UTC] PHP Deprecated:  htmlspecialchars(): Passing null to parameter #1 ($string) of type string is deprecated in C:\laragon\www\chandusoft\admin\index.php on line 49
[10-Oct-2025 08:00:57 UTC] PHP Deprecated:  htmlspecialchars(): Passing null to parameter #1 ($string) of type string is deprecated in C:\laragon\www\chandusoft\admin\index.php on line 50
[10-Oct-2025 08:00:57 UTC] PHP Deprecated:  htmlspecialchars(): Passing null to parameter #1 ($string) of type string is deprecated in C:\laragon\www\chandusoft\admin\index.php on line 51
[10-Oct-2025 08:03:18 UTC] PHP Deprecated:  htmlspecialchars(): Passing null to parameter #1 ($string) of type string is deprecated in C:\laragon\www\chandusoft\admin\index.php on line 49
[10-Oct-2025 08:03:18 UTC] PHP Deprecated:  htmlspecialchars(): Passing null to parameter #1 ($string) of type string is deprecated in C:\laragon\www\chandusoft\admin\index.php on line 49
[10-Oct-2025 08:03:18 UTC] PHP Deprecated:  htmlspecialchars(): Passing null to parameter #1 ($string) of type string is deprecated in C:\laragon\www\chandusoft\admin\index.php on line 50
[10-Oct-2025 08:03:18 UTC] PHP Deprecated:  htmlspecialchars(): Passing null to parameter #1 ($string) of type string is deprecated in C:\laragon\www\chandusoft\admin\index.php on line 51
[10-Oct-2025 08:04:10 UTC] PHP Deprecated:  htmlspecialchars(): Passing null to parameter #1 ($string) of type string is deprecated in C:\laragon\www\chandusoft\admin\index.php on line 49
[10-Oct-2025 08:04:10 UTC] PHP Deprecated:  htmlspecialchars(): Passing null to parameter #1 ($string) of type string is deprecated in C:\laragon\www\chandusoft\admin\index.php on line 49
[10-Oct-2025 08:04:10 UTC] PHP Deprecated:  htmlspecialchars(): Passing null to parameter #1 ($string) of type string is deprecated in C:\laragon\www\chandusoft\admin\index.php on line 50
[10-Oct-2025 08:04:10 UTC] PHP Deprecated:  htmlspecialchars(): Passing null to parameter #1 ($string) of type string is deprecated in C:\laragon\www\chandusoft\admin\index.php on line 51
[10-Oct-2025 08:47:54 UTC] PHP Deprecated:  htmlspecialchars(): Passing null to parameter #1 ($string) of type string is deprecated in C:\laragon\www\chandusoft\admin\index.php on line 49
[10-Oct-2025 08:47:54 UTC] PHP Deprecated:  htmlspecialchars(): Passing null to parameter #1 ($string) of type string is deprecated in C:\laragon\www\chandusoft\admin\index.php on line 49
[10-Oct-2025 08:47:54 UTC] PHP Deprecated:  htmlspecialchars(): Passing null to parameter #1 ($string) of type string is deprecated in C:\laragon\www\chandusoft\admin\index.php on line 50
[10-Oct-2025 08:47:54 UTC] PHP Deprecated:  htmlspecialchars(): Passing null to parameter #1 ($string) of type string is deprecated in C:\laragon\www\chandusoft\admin\index.php on line 51
[10-Oct-2025 08:47:59 UTC] PHP Deprecated:  htmlspecialchars(): Passing null to parameter #1 ($string) of type string is deprecated in C:\laragon\www\chandusoft\admin\index.php on line 49
[10-Oct-2025 08:47:59 UTC] PHP Deprecated:  htmlspecialchars(): Passing null to parameter #1 ($string) of type string is deprecated in C:\laragon\www\chandusoft\admin\index.php on line 49
[10-Oct-2025 08:47:59 UTC] PHP Deprecated:  htmlspecialchars(): Passing null to parameter #1 ($string) of type string is deprecated in C:\laragon\www\chandusoft\admin\index.php on line 50
[10-Oct-2025 08:47:59 UTC] PHP Deprecated:  htmlspecialchars(): Passing null to parameter #1 ($string) of type string is deprecated in C:\laragon\www\chandusoft\admin\index.php on line 51
[10-Oct-2025 08:53:08 UTC] PHP Deprecated:  htmlspecialchars(): Passing null to parameter #1 ($string) of type string is deprecated in C:\laragon\www\chandusoft\admin\index.php on line 49
[10-Oct-2025 08:53:08 UTC] PHP Deprecated:  htmlspecialchars(): Passing null to parameter #1 ($string) of type string is deprecated in C:\laragon\www\chandusoft\admin\index.php on line 49
[10-Oct-2025 08:53:08 UTC] PHP Deprecated:  htmlspecialchars(): Passing null to parameter #1 ($string) of type string is deprecated in C:\laragon\www\chandusoft\admin\index.php on line 50
[10-Oct-2025 08:53:08 UTC] PHP Deprecated:  htmlspecialchars(): Passing null to parameter #1 ($string) of type string is deprecated in C:\laragon\www\chandusoft\admin\index.php on line 51
[10-Oct-2025 08:57:31 UTC] PHP Deprecated:  htmlspecialchars(): Passing null to parameter #1 ($string) of type string is deprecated in C:\laragon\www\chandusoft\admin\index.php on line 49
[10-Oct-2025 08:57:31 UTC] PHP Deprecated:  htmlspecialchars(): Passing null to parameter #1 ($string) of type string is deprecated in C:\laragon\www\chandusoft\admin\index.php on line 49
[10-Oct-2025 08:57:31 UTC] PHP Deprecated:  htmlspecialchars(): Passing null to parameter #1 ($string) of type string is deprecated in C:\laragon\www\chandusoft\admin\index.php on line 50
[10-Oct-2025 08:57:31 UTC] PHP Deprecated:  htmlspecialchars(): Passing null to parameter #1 ($string) of type string is deprecated in C:\laragon\www\chandusoft\admin\index.php on line 51
[2025-10-10 11:02:57] [ERROR] Login FAILED for email: siva@gmail.com
[2025-10-10 11:33:25] Mail send failed for Sameer.Mohammed@chandusoft.com (asas). Error: SMTP Error: Could not authenticate.
Message: asasas asas

[2025-10-10 11:34:18] Mail send failed for sudheer@gmail.com (qwqwq). Error: SMTP Error: Could not authenticate.
Message: this is not correct

[2025-10-10 11:34:50] [ERROR] Login FAILED for email: saleem@gmail.com
[2025-10-13 03:38:05] Mail send failed for haleem@gmail.com (Haleem). Error: SMTP Error: Could not authenticate.
Message: Hai im good

[2025-10-13 07:55:39] [ERROR] Login FAILED for email: saleem@gmail.com
[2025-10-13 08:00:15] [ERROR] Login FAILED for email: Sameer.Mohammad@chandusoft.com
[2025-10-13 09:35:57] [ERROR] Uncaught Exception: Failed opening required 'C:\laragon\www\chandusoft/../app/db.php' (include_path='.;C:/laragon/etc/php/pear') in C:\laragon\www\chandusoft\index.php:18
[2025-10-13 09:38:12] [ERROR] Uncaught Exception: Failed opening required 'C:\laragon\www\chandusoft/../app/db.php' (include_path='.;C:/laragon/etc/php/pear') in C:\laragon\www\chandusoft\index.php:18
[2025-10-13 09:41:05] [ERROR] Uncaught Exception: Failed opening required 'C:\laragon\www\chandusoft/../app/db.php' (include_path='.;C:/laragon/etc/php/pear') in C:\laragon\www\chandusoft\index.php:18
[2025-10-13 09:41:53] [ERROR] Uncaught Exception: Failed opening required 'C:\laragon\www\chandusoft/../app/db.php' (include_path='.;C:/laragon/etc/php/pear') in C:\laragon\www\chandusoft\index.php:18
[2025-10-13 09:41:54] [ERROR] Uncaught Exception: Failed opening required 'C:\laragon\www\chandusoft/../app/db.php' (include_path='.;C:/laragon/etc/php/pear') in C:\laragon\www\chandusoft\index.php:18
[2025-10-13 10:15:44] [ERROR] Login FAILED for email: as123@gmail.com
[2025-10-13 10:15:52] [ERROR] Login FAILED for email: ass123@gmail.com
[2025-10-13 11:51:57] [ERROR] Uncaught Exception: SQLSTATE[42S22]: Column not found: 1054 Unknown column 'ip_address' in 'field list' in C:\laragon\www\chandusoft\app\dashboard.php:16
[2025-10-13 11:51:58] [ERROR] Uncaught Exception: SQLSTATE[42S22]: Column not found: 1054 Unknown column 'ip_address' in 'field list' in C:\laragon\www\chandusoft\app\dashboard.php:16
[2025-10-13 11:52:04] [ERROR] Uncaught Exception: SQLSTATE[42S22]: Column not found: 1054 Unknown column 'ip_address' in 'field list' in C:\laragon\www\chandusoft\app\dashboard.php:16
[2025-10-13 11:52:17] [ERROR] Uncaught Exception: SQLSTATE[42S22]: Column not found: 1054 Unknown column 'ip_address' in 'field list' in C:\laragon\www\chandusoft\app\dashboard.php:16
[2025-10-13 11:54:42] [ERROR] Uncaught Exception: SQLSTATE[42S22]: Column not found: 1054 Unknown column 'ip_address' in 'field list' in C:\laragon\www\chandusoft\app\dashboard.php:16
[2025-10-13 11:55:03] [ERROR] Uncaught Exception: SQLSTATE[42S22]: Column not found: 1054 Unknown column 'ip_address' in 'field list' in C:\laragon\www\chandusoft\app\dashboard.php:16
[2025-10-13 11:57:15] [ERROR] Uncaught Exception: SQLSTATE[42S22]: Column not found: 1054 Unknown column 'ip_address' in 'field list' in C:\laragon\www\chandusoft\app\dashboard.php:17
[2025-10-13 11:57:15] [ERROR] Uncaught Exception: SQLSTATE[42S22]: Column not found: 1054 Unknown column 'ip_address' in 'field list' in C:\laragon\www\chandusoft\app\dashboard.php:17
[2025-10-13 11:57:21] [ERROR] Uncaught Exception: SQLSTATE[42S22]: Column not found: 1054 Unknown column 'ip_address' in 'field list' in C:\laragon\www\chandusoft\app\dashboard.php:17
[2025-10-13 11:58:19] [ERROR] Uncaught Exception: SQLSTATE[42S22]: Column not found: 1054 Unknown column 'ip_address' in 'field list' in C:\laragon\www\chandusoft\app\dashboard.php:17
[2025-10-13 12:05:15] [ERROR] Uncaught Exception: SQLSTATE[42S22]: Column not found: 1054 Unknown column 'ip_address' in 'field list' in C:\laragon\www\chandusoft\app\dashboard.php:17
[2025-10-13 12:05:17] [ERROR] Uncaught Exception: SQLSTATE[42S22]: Column not found: 1054 Unknown column 'ip_address' in 'field list' in C:\laragon\www\chandusoft\app\dashboard.php:17
[2025-10-13 12:05:19] [ERROR] Uncaught Exception: SQLSTATE[42S22]: Column not found: 1054 Unknown column 'ip_address' in 'field list' in C:\laragon\www\chandusoft\app\dashboard.php:17
[2025-10-13 12:05:26] [ERROR] Uncaught Exception: SQLSTATE[42S22]: Column not found: 1054 Unknown column 'ip_address' in 'field list' in C:\laragon\www\chandusoft\app\dashboard.php:17
[2025-10-13 12:41:20] [ERROR] Login FAILED for email: Sameer.Mohammed@chandusoft.com
[2025-10-13 12:41:28] [ERROR] Uncaught Exception: SQLSTATE[42S22]: Column not found: 1054 Unknown column 'ip_address' in 'field list' in C:\laragon\www\chandusoft\app\dashboard.php:17
[2025-10-13 12:43:09] [ERROR] Uncaught Exception: SQLSTATE[42S22]: Column not found: 1054 Unknown column 'ip_address' in 'field list' in C:\laragon\www\chandusoft\app\dashboard.php:17
[2025-10-14 03:48:38] [INFO] Login query executed for email: Sameer.Mohammed@chandusoft.com
[2025-10-14 03:48:38] [INFO] User fetched: Array
(
    [id] => 28
    [name] => Sameer
    [email] => Sameer.Mohammed@chandusoft.com
    [password] => $2y$10$Ns6lXinbgbBTeMQLzBmOju9DFiiNnu/HTUU2NbvkUV4Jb6n8Fnfli
    [role] => admin
)

[2025-10-14 03:48:38] [ERROR] Uncaught Exception: SQLSTATE[42S22]: Column not found: 1054 Unknown column 'ip_address' in 'field list' in C:\laragon\www\chandusoft\app\dashboard.php:17
[14-Oct-2025 03:54:47 UTC] PHP Deprecated:  trim(): Passing null to parameter #1 ($string) of type string is deprecated in C:\laragon\www\chandusoft\admin\settings.php on line 22
[14-Oct-2025 03:54:47 UTC] PHP Deprecated:  trim(): Passing null to parameter #1 ($string) of type string is deprecated in C:\laragon\www\chandusoft\admin\settings.php on line 24
[14-Oct-2025 03:54:51 UTC] PHP Deprecated:  trim(): Passing null to parameter #1 ($string) of type string is deprecated in C:\laragon\www\chandusoft\admin\settings.php on line 22
[14-Oct-2025 03:54:51 UTC] PHP Deprecated:  trim(): Passing null to parameter #1 ($string) of type string is deprecated in C:\laragon\www\chandusoft\admin\settings.php on line 24
[14-Oct-2025 03:55:36 UTC] PHP Deprecated:  trim(): Passing null to parameter #1 ($string) of type string is deprecated in C:\laragon\www\chandusoft\admin\settings.php on line 22
[14-Oct-2025 03:55:36 UTC] PHP Deprecated:  trim(): Passing null to parameter #1 ($string) of type string is deprecated in C:\laragon\www\chandusoft\admin\settings.php on line 24
[14-Oct-2025 03:55:56 UTC] PHP Deprecated:  trim(): Passing null to parameter #1 ($string) of type string is deprecated in C:\laragon\www\chandusoft\admin\settings.php on line 22
[14-Oct-2025 03:55:56 UTC] PHP Deprecated:  trim(): Passing null to parameter #1 ($string) of type string is deprecated in C:\laragon\www\chandusoft\admin\settings.php on line 24
[14-Oct-2025 03:56:24 UTC] PHP Deprecated:  trim(): Passing null to parameter #1 ($string) of type string is deprecated in C:\laragon\www\chandusoft\admin\settings.php on line 22
[14-Oct-2025 03:56:24 UTC] PHP Deprecated:  trim(): Passing null to parameter #1 ($string) of type string is deprecated in C:\laragon\www\chandusoft\admin\settings.php on line 24
[14-Oct-2025 03:56:36 UTC] PHP Deprecated:  trim(): Passing null to parameter #1 ($string) of type string is deprecated in C:\laragon\www\chandusoft\admin\settings.php on line 22
[14-Oct-2025 03:56:36 UTC] PHP Deprecated:  trim(): Passing null to parameter #1 ($string) of type string is deprecated in C:\laragon\www\chandusoft\admin\settings.php on line 24
[14-Oct-2025 04:02:35 UTC] PHP Deprecated:  trim(): Passing null to parameter #1 ($string) of type string is deprecated in C:\laragon\www\chandusoft\admin\settings.php on line 22
[14-Oct-2025 04:02:35 UTC] PHP Deprecated:  trim(): Passing null to parameter #1 ($string) of type string is deprecated in C:\laragon\www\chandusoft\admin\settings.php on line 24
[14-Oct-2025 04:03:14 UTC] PHP Deprecated:  trim(): Passing null to parameter #1 ($string) of type string is deprecated in C:\laragon\www\chandusoft\admin\settings.php on line 22
[14-Oct-2025 04:03:14 UTC] PHP Deprecated:  trim(): Passing null to parameter #1 ($string) of type string is deprecated in C:\laragon\www\chandusoft\admin\settings.php on line 24
[2025-10-14 04:09:25] [INFO] Login query executed for email: Sameer.Mohammed@chandusoft.com
[2025-10-14 04:09:25] [INFO] User fetched: Array
(
    [id] => 28
    [name] => Sameer
    [email] => Sameer.Mohammed@chandusoft.com
    [password] => $2y$10$Ns6lXinbgbBTeMQLzBmOju9DFiiNnu/HTUU2NbvkUV4Jb6n8Fnfli
    [role] => admin
)

[2025-10-14 04:09:25] [ERROR] Uncaught Exception: SQLSTATE[42S22]: Column not found: 1054 Unknown column 'ip_address' in 'field list' in C:\laragon\www\chandusoft\app\dashboard.php:17
[14-Oct-2025 04:11:15 UTC] PHP Deprecated:  trim(): Passing null to parameter #1 ($string) of type string is deprecated in C:\laragon\www\chandusoft\admin\settings.php on line 22
[14-Oct-2025 04:11:15 UTC] PHP Deprecated:  trim(): Passing null to parameter #1 ($string) of type string is deprecated in C:\laragon\www\chandusoft\admin\settings.php on line 24
[2025-10-14 04:17:18] [INFO] Login query executed for email: Sameer.Mohammed@chandusoft.com
[2025-10-14 04:17:18] [INFO] User fetched: Array
(
    [id] => 28
    [name] => Sameer
    [email] => Sameer.Mohammed@chandusoft.com
    [password] => $2y$10$Ns6lXinbgbBTeMQLzBmOju9DFiiNnu/HTUU2NbvkUV4Jb6n8Fnfli
    [role] => admin
)

[2025-10-14 04:17:18] [ERROR] Uncaught Exception: SQLSTATE[42S22]: Column not found: 1054 Unknown column 'ip_address' in 'field list' in C:\laragon\www\chandusoft\app\dashboard.php:17
[2025-10-14 04:17:21] [ERROR] Uncaught Exception: SQLSTATE[42S22]: Column not found: 1054 Unknown column 'ip_address' in 'field list' in C:\laragon\www\chandusoft\app\dashboard.php:17
[2025-10-14 04:17:22] [ERROR] Uncaught Exception: SQLSTATE[42S22]: Column not found: 1054 Unknown column 'ip_address' in 'field list' in C:\laragon\www\chandusoft\app\dashboard.php:17
[2025-10-14 04:17:23] [ERROR] Uncaught Exception: SQLSTATE[42S22]: Column not found: 1054 Unknown column 'ip_address' in 'field list' in C:\laragon\www\chandusoft\app\dashboard.php:17
[2025-10-14 04:18:02] [ERROR] Uncaught Exception: SQLSTATE[42S22]: Column not found: 1054 Unknown column 'ip_address' in 'field list' in C:\laragon\www\chandusoft\app\dashboard.php:17
[2025-10-14 04:18:02] [ERROR] Uncaught Exception: SQLSTATE[42S22]: Column not found: 1054 Unknown column 'ip_address' in 'field list' in C:\laragon\www\chandusoft\app\dashboard.php:17
[2025-10-14 04:18:03] [ERROR] Uncaught Exception: SQLSTATE[42S22]: Column not found: 1054 Unknown column 'ip_address' in 'field list' in C:\laragon\www\chandusoft\app\dashboard.php:17
[2025-10-14 04:18:03] [ERROR] Uncaught Exception: SQLSTATE[42S22]: Column not found: 1054 Unknown column 'ip_address' in 'field list' in C:\laragon\www\chandusoft\app\dashboard.php:17
[2025-10-14 04:18:03] [ERROR] Uncaught Exception: SQLSTATE[42S22]: Column not found: 1054 Unknown column 'ip_address' in 'field list' in C:\laragon\www\chandusoft\app\dashboard.php:17
[2025-10-14 04:18:03] [ERROR] Uncaught Exception: SQLSTATE[42S22]: Column not found: 1054 Unknown column 'ip_address' in 'field list' in C:\laragon\www\chandusoft\app\dashboard.php:17
[2025-10-14 04:18:04] [ERROR] Uncaught Exception: SQLSTATE[42S22]: Column not found: 1054 Unknown column 'ip_address' in 'field list' in C:\laragon\www\chandusoft\app\dashboard.php:17
[2025-10-14 04:18:04] [ERROR] Uncaught Exception: SQLSTATE[42S22]: Column not found: 1054 Unknown column 'ip_address' in 'field list' in C:\laragon\www\chandusoft\app\dashboard.php:17
[2025-10-14 04:18:04] [ERROR] Uncaught Exception: SQLSTATE[42S22]: Column not found: 1054 Unknown column 'ip_address' in 'field list' in C:\laragon\www\chandusoft\app\dashboard.php:17
[2025-10-14 04:18:04] [ERROR] Uncaught Exception: SQLSTATE[42S22]: Column not found: 1054 Unknown column 'ip_address' in 'field list' in C:\laragon\www\chandusoft\app\dashboard.php:17
[2025-10-14 04:18:04] [ERROR] Uncaught Exception: SQLSTATE[42S22]: Column not found: 1054 Unknown column 'ip_address' in 'field list' in C:\laragon\www\chandusoft\app\dashboard.php:17
[2025-10-14 04:18:04] [ERROR] Uncaught Exception: SQLSTATE[42S22]: Column not found: 1054 Unknown column 'ip_address' in 'field list' in C:\laragon\www\chandusoft\app\dashboard.php:17
[2025-10-14 04:18:05] [ERROR] Uncaught Exception: SQLSTATE[42S22]: Column not found: 1054 Unknown column 'ip_address' in 'field list' in C:\laragon\www\chandusoft\app\dashboard.php:17
[2025-10-14 04:19:47] [ERROR] Uncaught Exception: SQLSTATE[42S22]: Column not found: 1054 Unknown column 'ip_address' in 'field list' in C:\laragon\www\chandusoft\app\dashboard.php:17
[2025-10-14 04:19:47] [ERROR] Uncaught Exception: SQLSTATE[42S22]: Column not found: 1054 Unknown column 'ip_address' in 'field list' in C:\laragon\www\chandusoft\app\dashboard.php:17
[2025-10-14 04:19:48] [ERROR] Uncaught Exception: SQLSTATE[42S22]: Column not found: 1054 Unknown column 'ip_address' in 'field list' in C:\laragon\www\chandusoft\app\dashboard.php:17
[2025-10-14 04:20:02] [INFO] Login query executed for email: Sameer.Mohammed@chandusoft.com
[2025-10-14 04:20:02] [INFO] User fetched: Array
(
    [id] => 28
    [name] => Sameer
    [email] => Sameer.Mohammed@chandusoft.com
    [password] => $2y$10$Ns6lXinbgbBTeMQLzBmOju9DFiiNnu/HTUU2NbvkUV4Jb6n8Fnfli
    [role] => admin
)

[2025-10-14 04:20:02] [ERROR] Uncaught Exception: SQLSTATE[42S22]: Column not found: 1054 Unknown column 'ip_address' in 'field list' in C:\laragon\www\chandusoft\app\dashboard.php:17
[2025-10-14 04:24:14] [ERROR] Uncaught Exception: SQLSTATE[42S22]: Column not found: 1054 Unknown column 'ip_address' in 'field list' in C:\laragon\www\chandusoft\app\dashboard.php:17
[2025-10-14 04:24:15] [ERROR] Uncaught Exception: SQLSTATE[42S22]: Column not found: 1054 Unknown column 'ip_address' in 'field list' in C:\laragon\www\chandusoft\app\dashboard.php:17
[2025-10-14 04:24:15] [ERROR] Uncaught Exception: SQLSTATE[42S22]: Column not found: 1054 Unknown column 'ip_address' in 'field list' in C:\laragon\www\chandusoft\app\dashboard.php:17
[2025-10-14 04:24:16] [ERROR] Uncaught Exception: SQLSTATE[42S22]: Column not found: 1054 Unknown column 'ip_address' in 'field list' in C:\laragon\www\chandusoft\app\dashboard.php:17
[2025-10-14 04:24:26] [INFO] Login query executed for email: Sameer.Mohammed@chandusoft.com
[2025-10-14 04:24:26] [INFO] User fetched: Array
(
    [id] => 28
    [name] => Sameer
    [email] => Sameer.Mohammed@chandusoft.com
    [password] => $2y$10$Ns6lXinbgbBTeMQLzBmOju9DFiiNnu/HTUU2NbvkUV4Jb6n8Fnfli
    [role] => admin
)

[2025-10-14 04:24:26] [ERROR] Uncaught Exception: SQLSTATE[42S22]: Column not found: 1054 Unknown column 'ip_address' in 'field list' in C:\laragon\www\chandusoft\app\dashboard.php:17
[2025-10-14 04:35:00] [ERROR] Uncaught Exception: SQLSTATE[42S22]: Column not found: 1054 Unknown column 'ip_address' in 'field list' in C:\laragon\www\chandusoft\app\dashboard.php:21
[2025-10-14 04:35:01] [ERROR] Uncaught Exception: SQLSTATE[42S22]: Column not found: 1054 Unknown column 'ip_address' in 'field list' in C:\laragon\www\chandusoft\app\dashboard.php:21
[2025-10-14 04:35:11] [INFO] Login query executed for email: Sameer.Mohammed@chandusoft.com
[2025-10-14 04:35:11] [INFO] User fetched: Array
(
    [id] => 28
    [name] => Sameer
    [email] => Sameer.Mohammed@chandusoft.com
    [password] => $2y$10$Ns6lXinbgbBTeMQLzBmOju9DFiiNnu/HTUU2NbvkUV4Jb6n8Fnfli
    [role] => admin
)

[2025-10-14 04:35:11] [ERROR] Uncaught Exception: SQLSTATE[42S22]: Column not found: 1054 Unknown column 'ip_address' in 'field list' in C:\laragon\www\chandusoft\app\dashboard.php:21
[2025-10-14 04:36:12] [ERROR] Uncaught Exception: SQLSTATE[42S22]: Column not found: 1054 Unknown column 'ip_address' in 'field list' in C:\laragon\www\chandusoft\app\dashboard.php:22
[2025-10-14 04:36:39] [INFO] Login query executed for email: Sameer.Mohammed@chandusoft.com
[2025-10-14 04:36:39] [INFO] User fetched: Array
(
    [id] => 28
    [name] => Sameer
    [email] => Sameer.Mohammed@chandusoft.com
    [password] => $2y$10$Ns6lXinbgbBTeMQLzBmOju9DFiiNnu/HTUU2NbvkUV4Jb6n8Fnfli
    [role] => admin
)

[2025-10-14 04:37:37] [ERROR] Uncaught Exception: SQLSTATE[42S22]: Column not found: 1054 Unknown column 'ip_address' in 'field list' in C:\laragon\www\chandusoft\app\dashboard.php:21
[2025-10-14 04:37:39] [ERROR] Uncaught Exception: SQLSTATE[42S22]: Column not found: 1054 Unknown column 'ip_address' in 'field list' in C:\laragon\www\chandusoft\app\dashboard.php:21
[2025-10-14 04:37:39] [ERROR] Uncaught Exception: SQLSTATE[42S22]: Column not found: 1054 Unknown column 'ip_address' in 'field list' in C:\laragon\www\chandusoft\app\dashboard.php:21
[2025-10-14 04:37:58] [INFO] Login query executed for email: Sameer.Mohammed@chandusoft.com
[2025-10-14 04:37:58] [INFO] User fetched: Array
(
    [id] => 28
    [name] => Sameer
    [email] => Sameer.Mohammed@chandusoft.com
    [password] => $2y$10$Ns6lXinbgbBTeMQLzBmOju9DFiiNnu/HTUU2NbvkUV4Jb6n8Fnfli
    [role] => admin
)

[2025-10-14 04:37:58] [ERROR] Uncaught Exception: SQLSTATE[42S22]: Column not found: 1054 Unknown column 'ip_address' in 'field list' in C:\laragon\www\chandusoft\app\dashboard.php:21
[2025-10-14 04:39:25] [ERROR] Uncaught Exception: SQLSTATE[42S22]: Column not found: 1054 Unknown column 'ip_address' in 'field list' in C:\laragon\www\chandusoft\app\dashboard.php:21
[2025-10-14 04:41:00] [ERROR] Uncaught Exception: SQLSTATE[42S22]: Column not found: 1054 Unknown column 'ip_address' in 'field list' in C:\laragon\www\chandusoft\app\dashboard.php:21
[2025-10-14 04:50:15] [ERROR] Uncaught Exception: SQLSTATE[42S22]: Column not found: 1054 Unknown column 'ip_address' in 'field list' in C:\laragon\www\chandusoft\app\dashboard.php:17
[2025-10-14 04:50:15] [ERROR] Uncaught Exception: SQLSTATE[42S22]: Column not found: 1054 Unknown column 'ip_address' in 'field list' in C:\laragon\www\chandusoft\app\dashboard.php:17
[2025-10-14 04:50:15] [ERROR] Uncaught Exception: SQLSTATE[42S22]: Column not found: 1054 Unknown column 'ip_address' in 'field list' in C:\laragon\www\chandusoft\app\dashboard.php:17
[2025-10-14 04:52:30] [ERROR] Uncaught Exception: SQLSTATE[42S22]: Column not found: 1054 Unknown column 'ip_address' in 'field list' in C:\laragon\www\chandusoft\app\dashboard.php:20
[2025-10-14 04:54:59] [ERROR] Uncaught Exception: SQLSTATE[42S22]: Column not found: 1054 Unknown column 'ip_address' in 'field list' in C:\laragon\www\chandusoft\app\dashboard.php:22
[2025-10-14 04:55:51] [ERROR] Uncaught Exception: SQLSTATE[42S22]: Column not found: 1054 Unknown column 'ip_address' in 'field list' in C:\laragon\www\chandusoft\app\dashboard.php:22
[2025-10-14 04:57:41] [ERROR] Uncaught Exception: SQLSTATE[42S22]: Column not found: 1054 Unknown column 'ip_address' in 'field list' in C:\laragon\www\chandusoft\app\dashboard.php:22
[2025-10-14 04:58:38] [ERROR] Uncaught Exception: SQLSTATE[42S22]: Column not found: 1054 Unknown column 'ip_address' in 'field list' in C:\laragon\www\chandusoft\app\dashboard.php:22
[2025-10-14 05:01:09] [ERROR] Uncaught Exception: SQLSTATE[42S22]: Column not found: 1054 Unknown column 'ip_address' in 'field list' in C:\laragon\www\chandusoft\app\dashboard.php:22
[2025-10-14 05:01:11] [ERROR] Uncaught Exception: SQLSTATE[42S22]: Column not found: 1054 Unknown column 'ip_address' in 'field list' in C:\laragon\www\chandusoft\app\dashboard.php:22
[2025-10-14 05:01:11] [ERROR] Uncaught Exception: SQLSTATE[42S22]: Column not found: 1054 Unknown column 'ip_address' in 'field list' in C:\laragon\www\chandusoft\app\dashboard.php:22
[2025-10-14 05:01:12] [ERROR] Uncaught Exception: SQLSTATE[42S22]: Column not found: 1054 Unknown column 'ip_address' in 'field list' in C:\laragon\www\chandusoft\app\dashboard.php:22
[2025-10-14 05:01:58] [ERROR] Uncaught Exception: SQLSTATE[42S22]: Column not found: 1054 Unknown column 'ip_address' in 'field list' in C:\laragon\www\chandusoft\app\dashboard.php:22
[14-Oct-2025 13:06:40 UTC] PHP Deprecated:  trim(): Passing null to parameter #1 ($string) of type string is deprecated in C:\laragon\www\chandusoft\admin\settings.php on line 22
[14-Oct-2025 13:06:40 UTC] PHP Deprecated:  trim(): Passing null to parameter #1 ($string) of type string is deprecated in C:\laragon\www\chandusoft\admin\settings.php on line 24
[14-Oct-2025 13:07:24 UTC] PHP Deprecated:  trim(): Passing null to parameter #1 ($string) of type string is deprecated in C:\laragon\www\chandusoft\admin\settings.php on line 22
[14-Oct-2025 13:07:24 UTC] PHP Deprecated:  trim(): Passing null to parameter #1 ($string) of type string is deprecated in C:\laragon\www\chandusoft\admin\settings.php on line 24
[14-Oct-2025 13:08:55 UTC] PHP Deprecated:  trim(): Passing null to parameter #1 ($string) of type string is deprecated in C:\laragon\www\chandusoft\admin\settings.php on line 22
[14-Oct-2025 13:08:55 UTC] PHP Deprecated:  trim(): Passing null to parameter #1 ($string) of type string is deprecated in C:\laragon\www\chandusoft\admin\settings.php on line 24
[2025-10-18 07:24:14] [INFO] Login query executed for email: Sameer.Mohammed@chandusoft.com
[2025-10-18 07:24:14] [INFO] User fetched: Array
(
    [id] => 28
    [name] => Sameer
    [email] => Sameer.Mohammed@chandusoft.com
    [password] => $2y$10$Ns6lXinbgbBTeMQLzBmOju9DFiiNnu/HTUU2NbvkUV4Jb6n8Fnfli
    [role] => admin
)

[2025-10-18 07:24:15] [ERROR] Uncaught Exception: SQLSTATE[42S22]: Column not found: 1054 Unknown column 'ip_address' in 'field list' in C:\laragon\www\chandusoft\app\dashboard.php:22
[2025-10-18 07:32:20] [INFO] Login query executed for email: Sameer.Mohammed@chandusoft.com
[2025-10-18 07:32:20] [INFO] User fetched: Array
(
    [id] => 28
    [name] => Sameer
    [email] => Sameer.Mohammed@chandusoft.com
    [password] => $2y$10$Ns6lXinbgbBTeMQLzBmOju9DFiiNnu/HTUU2NbvkUV4Jb6n8Fnfli
    [role] => admin
)

[2025-10-18 07:32:20] [ERROR] Uncaught Exception: SQLSTATE[42S22]: Column not found: 1054 Unknown column 'ip_address' in 'field list' in C:\laragon\www\chandusoft\app\dashboard.php:22
[2025-10-18 07:39:33] [ERROR] Uncaught Exception: SQLSTATE[42S22]: Column not found: 1054 Unknown column 'ip_address' in 'field list' in C:\laragon\www\chandusoft\app\dashboard.php:22
[18-Oct-2025 07:40:48 UTC] PHP Deprecated:  trim(): Passing null to parameter #1 ($string) of type string is deprecated in C:\laragon\www\chandusoft\admin\settings.php on line 22
[18-Oct-2025 07:40:48 UTC] PHP Deprecated:  trim(): Passing null to parameter #1 ($string) of type string is deprecated in C:\laragon\www\chandusoft\admin\settings.php on line 24
[18-Oct-2025 07:40:53 UTC] PHP Deprecated:  trim(): Passing null to parameter #1 ($string) of type string is deprecated in C:\laragon\www\chandusoft\admin\settings.php on line 22
[18-Oct-2025 07:40:53 UTC] PHP Deprecated:  trim(): Passing null to parameter #1 ($string) of type string is deprecated in C:\laragon\www\chandusoft\admin\settings.php on line 24
[2025-10-18 08:01:56] [ERROR] Uncaught Exception: SQLSTATE[42S22]: Column not found: 1054 Unknown column 'ip_address' in 'field list' in C:\laragon\www\chandusoft\app\dashboard.php:22
[2025-10-18 09:03:04] [ERROR] Uncaught Exception: SQLSTATE[42S22]: Column not found: 1054 Unknown column 'ip_address' in 'field list' in C:\laragon\www\chandusoft\app\dashboard.php:22
[2025-10-18 09:07:02] [ERROR] Uncaught Exception: SQLSTATE[42S22]: Column not found: 1054 Unknown column 'ip_address' in 'field list' in C:\laragon\www\chandusoft\app\dashboard.php:22
[18-Oct-2025 09:12:20 UTC] PHP Deprecated:  trim(): Passing null to parameter #1 ($string) of type string is deprecated in C:\laragon\www\chandusoft\admin\settings.php on line 22
[18-Oct-2025 09:12:20 UTC] PHP Deprecated:  trim(): Passing null to parameter #1 ($string) of type string is deprecated in C:\laragon\www\chandusoft\admin\settings.php on line 24
[18-Oct-2025 09:13:07 UTC] PHP Deprecated:  trim(): Passing null to parameter #1 ($string) of type string is deprecated in C:\laragon\www\chandusoft\admin\settings.php on line 22
[18-Oct-2025 09:13:07 UTC] PHP Deprecated:  trim(): Passing null to parameter #1 ($string) of type string is deprecated in C:\laragon\www\chandusoft\admin\settings.php on line 24
[18-Oct-2025 09:41:28 UTC] PHP Deprecated:  trim(): Passing null to parameter #1 ($string) of type string is deprecated in C:\laragon\www\chandusoft\admin\settings.php on line 22
[18-Oct-2025 09:41:28 UTC] PHP Deprecated:  trim(): Passing null to parameter #1 ($string) of type string is deprecated in C:\laragon\www\chandusoft\admin\settings.php on line 24
[18-Oct-2025 09:41:39 UTC] PHP Deprecated:  trim(): Passing null to parameter #1 ($string) of type string is deprecated in C:\laragon\www\chandusoft\admin\settings.php on line 22
[18-Oct-2025 09:41:39 UTC] PHP Deprecated:  trim(): Passing null to parameter #1 ($string) of type string is deprecated in C:\laragon\www\chandusoft\admin\settings.php on line 24
[18-Oct-2025 09:57:56 UTC] PHP Warning:  Undefined variable $e in C:\laragon\www\chandusoft\app\db.php on line 28
[2025-10-18 09:57:56] [ERROR] Uncaught Exception: Call to a member function getMessage() on null in C:\laragon\www\chandusoft\app\db.php:28
[2025-10-18 09:58:26] [ERROR] Uncaught Exception: SQLSTATE[42S22]: Column not found: 1054 Unknown column 'ip_address' in 'field list' in C:\laragon\www\chandusoft\app\dashboard.php:22
[2025-10-18 09:58:28] [ERROR] Uncaught Exception: SQLSTATE[42S22]: Column not found: 1054 Unknown column 'ip_address' in 'field list' in C:\laragon\www\chandusoft\app\dashboard.php:22
[18-Oct-2025 09:59:55 UTC] PHP Warning:  Undefined variable $pdo in C:\laragon\www\chandusoft\app\db.php on line 22
[2025-10-18 09:59:55] [ERROR] Uncaught Exception: Call to a member function query() on null in C:\laragon\www\chandusoft\app\db.php:22
[2025-10-18 10:00:04] [ERROR] Uncaught Exception: SQLSTATE[42S22]: Column not found: 1054 Unknown column 'ip_address' in 'field list' in C:\laragon\www\chandusoft\app\dashboard.php:22
[2025-10-18 10:02:29] [ERROR] Uncaught Exception: SQLSTATE[42000]: Syntax error or access violation: 1064 You have an error in your SQL syntax; check the manual that corresponds to your MySQL server version for the right syntax to use near 'FROM leads ORDER BY id DESC LIMIT 5' at line 1 in C:\laragon\www\chandusoft\app\dashboard.php:23
[2025-10-18 10:13:17] [INFO] Login query executed for email: Sameer.Mohammed@chandusoft.com
[2025-10-18 10:13:17] [INFO] User fetched: Array
(
    [id] => 28
    [name] => Sameer
    [email] => Sameer.Mohammed@chandusoft.com
    [password] => $2y$10$Ns6lXinbgbBTeMQLzBmOju9DFiiNnu/HTUU2NbvkUV4Jb6n8Fnfli
    [role] => admin
)

[2025-10-18 10:14:17] [INFO] Login query executed for email: siva@gmail.com
[2025-10-18 10:14:17] [INFO] User fetched: Array
(
    [id] => 29
    [name] => Siva
    [email] => siva@gmail.com
    [password] => $2y$10$ha6JoNzeiZLKXpm233h7X.nwyc0QmnPGtGt/Hqrj7JU5TzEODSac2
    [role] => editor
)

[2025-10-18 10:14:17] [ERROR] Login FAILED for email: siva@gmail.com
[2025-10-18 10:14:22] [INFO] Login query executed for email: siva@gmail.com
[2025-10-18 10:14:22] [INFO] User fetched: Array
(
    [id] => 29
    [name] => Siva
    [email] => siva@gmail.com
    [password] => $2y$10$ha6JoNzeiZLKXpm233h7X.nwyc0QmnPGtGt/Hqrj7JU5TzEODSac2
    [role] => editor
)

[2025-10-18 10:15:12] [INFO] Login query executed for email: Sameer.Mohammed@chandusoft.com
[2025-10-18 10:15:12] [INFO] User fetched: Array
(
    [id] => 28
    [name] => Sameer
    [email] => Sameer.Mohammed@chandusoft.com
    [password] => $2y$10$Ns6lXinbgbBTeMQLzBmOju9DFiiNnu/HTUU2NbvkUV4Jb6n8Fnfli
    [role] => admin
)

[2025-10-18 10:24:12] [ERROR] Uncaught Exception: Call to undefined function get_setting() in C:\laragon\www\chandusoft\header.php:6
[2025-10-18 10:24:13] [ERROR] Uncaught Exception: Call to undefined function get_setting() in C:\laragon\www\chandusoft\header.php:6
[2025-10-18 10:24:19] [ERROR] Uncaught Exception: Call to undefined function get_setting() in C:\laragon\www\chandusoft\header.php:6
[18-Oct-2025 10:29:52 UTC] PHP Warning:  Undefined array key "site_tagline" in C:\laragon\www\chandusoft\admin\settings.php on line 22
[18-Oct-2025 10:29:52 UTC] PHP Deprecated:  trim(): Passing null to parameter #1 ($string) of type string is deprecated in C:\laragon\www\chandusoft\admin\settings.php on line 22
[18-Oct-2025 10:29:52 UTC] PHP Warning:  Undefined array key "footer_text" in C:\laragon\www\chandusoft\admin\settings.php on line 24
[18-Oct-2025 10:29:52 UTC] PHP Deprecated:  trim(): Passing null to parameter #1 ($string) of type string is deprecated in C:\laragon\www\chandusoft\admin\settings.php on line 24
[18-Oct-2025 10:30:26 UTC] PHP Warning:  Undefined array key "site_tagline" in C:\laragon\www\chandusoft\admin\settings.php on line 22
[18-Oct-2025 10:30:26 UTC] PHP Deprecated:  trim(): Passing null to parameter #1 ($string) of type string is deprecated in C:\laragon\www\chandusoft\admin\settings.php on line 22
[18-Oct-2025 10:30:26 UTC] PHP Warning:  Undefined array key "footer_text" in C:\laragon\www\chandusoft\admin\settings.php on line 24
[18-Oct-2025 10:30:26 UTC] PHP Deprecated:  trim(): Passing null to parameter #1 ($string) of type string is deprecated in C:\laragon\www\chandusoft\admin\settings.php on line 24
[18-Oct-2025 10:30:37 UTC] PHP Warning:  Undefined array key "site_tagline" in C:\laragon\www\chandusoft\admin\settings.php on line 22
[18-Oct-2025 10:30:37 UTC] PHP Deprecated:  trim(): Passing null to parameter #1 ($string) of type string is deprecated in C:\laragon\www\chandusoft\admin\settings.php on line 22
[18-Oct-2025 10:30:37 UTC] PHP Warning:  Undefined array key "footer_text" in C:\laragon\www\chandusoft\admin\settings.php on line 24
[18-Oct-2025 10:30:37 UTC] PHP Deprecated:  trim(): Passing null to parameter #1 ($string) of type string is deprecated in C:\laragon\www\chandusoft\admin\settings.php on line 24
[18-Oct-2025 10:30:42 UTC] PHP Warning:  Undefined array key "site_tagline" in C:\laragon\www\chandusoft\admin\settings.php on line 22
[18-Oct-2025 10:30:42 UTC] PHP Deprecated:  trim(): Passing null to parameter #1 ($string) of type string is deprecated in C:\laragon\www\chandusoft\admin\settings.php on line 22
[18-Oct-2025 10:30:42 UTC] PHP Warning:  Undefined array key "footer_text" in C:\laragon\www\chandusoft\admin\settings.php on line 24
[18-Oct-2025 10:30:42 UTC] PHP Deprecated:  trim(): Passing null to parameter #1 ($string) of type string is deprecated in C:\laragon\www\chandusoft\admin\settings.php on line 24
[18-Oct-2025 10:31:23 UTC] PHP Warning:  Undefined array key "site_tagline" in C:\laragon\www\chandusoft\admin\settings.php on line 22
[18-Oct-2025 10:31:23 UTC] PHP Deprecated:  trim(): Passing null to parameter #1 ($string) of type string is deprecated in C:\laragon\www\chandusoft\admin\settings.php on line 22
[18-Oct-2025 10:31:23 UTC] PHP Warning:  Undefined array key "footer_text" in C:\laragon\www\chandusoft\admin\settings.php on line 24
[18-Oct-2025 10:31:23 UTC] PHP Deprecated:  trim(): Passing null to parameter #1 ($string) of type string is deprecated in C:\laragon\www\chandusoft\admin\settings.php on line 24
[18-Oct-2025 10:31:47 UTC] PHP Warning:  Undefined array key "site_tagline" in C:\laragon\www\chandusoft\admin\settings.php on line 22
[18-Oct-2025 10:31:47 UTC] PHP Deprecated:  trim(): Passing null to parameter #1 ($string) of type string is deprecated in C:\laragon\www\chandusoft\admin\settings.php on line 22
[18-Oct-2025 10:31:47 UTC] PHP Warning:  Undefined array key "footer_text" in C:\laragon\www\chandusoft\admin\settings.php on line 24
[18-Oct-2025 10:31:47 UTC] PHP Deprecated:  trim(): Passing null to parameter #1 ($string) of type string is deprecated in C:\laragon\www\chandusoft\admin\settings.php on line 24
[18-Oct-2025 10:31:58 UTC] PHP Warning:  Undefined array key "site_tagline" in C:\laragon\www\chandusoft\admin\settings.php on line 22
[18-Oct-2025 10:31:58 UTC] PHP Deprecated:  trim(): Passing null to parameter #1 ($string) of type string is deprecated in C:\laragon\www\chandusoft\admin\settings.php on line 22
[18-Oct-2025 10:31:58 UTC] PHP Warning:  Undefined array key "footer_text" in C:\laragon\www\chandusoft\admin\settings.php on line 24
[18-Oct-2025 10:31:58 UTC] PHP Deprecated:  trim(): Passing null to parameter #1 ($string) of type string is deprecated in C:\laragon\www\chandusoft\admin\settings.php on line 24
[18-Oct-2025 10:32:39 UTC] PHP Warning:  Undefined array key "footer_text" in C:\laragon\www\chandusoft\admin\settings.php on line 23
[18-Oct-2025 10:32:39 UTC] PHP Deprecated:  trim(): Passing null to parameter #1 ($string) of type string is deprecated in C:\laragon\www\chandusoft\admin\settings.php on line 23
[2025-10-18 10:33:25] [ERROR] Uncaught Exception: Call to undefined function get_setting() in C:\laragon\www\chandusoft\header.php:6
[2025-10-18 10:33:27] [ERROR] Uncaught Exception: Call to undefined function get_setting() in C:\laragon\www\chandusoft\header.php:6
[2025-10-20 02:52:08] [INFO] Login query executed for email: Sameer.Mohammed@chandusoft.com
[2025-10-20 02:52:08] [INFO] User fetched: Array
(
    [id] => 28
    [name] => Sameer
    [email] => Sameer.Mohammed@chandusoft.com
    [password] => $2y$10$Ns6lXinbgbBTeMQLzBmOju9DFiiNnu/HTUU2NbvkUV4Jb6n8Fnfli
    [role] => admin
)

[2025-10-20 03:58:34] [ERROR] Uncaught Exception: SQLSTATE[42S02]: Base table or view not found: 1146 Table 'chandusoft.products' doesn't exist in C:\laragon\www\chandusoft\catalog-item.php:6
[2025-10-20 04:08:14] [INFO] Login query executed for email: Sameer.Mohammed@chandusoft.com
[2025-10-20 04:08:14] [INFO] User fetched: Array
(
    [id] => 28
    [name] => Sameer
    [email] => Sameer.Mohammed@chandusoft.com
    [password] => $2y$10$Ns6lXinbgbBTeMQLzBmOju9DFiiNnu/HTUU2NbvkUV4Jb6n8Fnfli
    [role] => admin
)

[2025-10-20 06:37:42] [INFO] Login query executed for email: Sameer.Mohammed@chandusoft.com
[2025-10-20 06:37:42] [INFO] User fetched: Array
(
    [id] => 28
    [name] => Sameer
    [email] => Sameer.Mohammed@chandusoft.com
    [password] => $2y$10$Ns6lXinbgbBTeMQLzBmOju9DFiiNnu/HTUU2NbvkUV4Jb6n8Fnfli
    [role] => admin
)

[20-Oct-2025 07:20:50 UTC] PHP Warning:  Undefined variable $image in C:\laragon\www\chandusoft\admin\catalog-store.php on line 45
[20-Oct-2025 07:22:39 UTC] PHP Warning:  Undefined variable $image in C:\laragon\www\chandusoft\admin\catalog-store.php on line 45
[20-Oct-2025 07:23:13 UTC] PHP Warning:  Undefined variable $image in C:\laragon\www\chandusoft\admin\catalog-store.php on line 45
[20-Oct-2025 07:23:40 UTC] PHP Warning:  Undefined variable $image in C:\laragon\www\chandusoft\admin\catalog-store.php on line 45
[20-Oct-2025 07:27:46 UTC] PHP Warning:  Undefined variable $image in C:\laragon\www\chandusoft\admin\catalog-store.php on line 45
[20-Oct-2025 07:29:54 UTC] PHP Warning:  Undefined variable $image in C:\laragon\www\chandusoft\admin\catalog-store.php on line 45
[20-Oct-2025 07:32:27 UTC] PHP Warning:  Undefined variable $image in C:\laragon\www\chandusoft\admin\catalog-store.php on line 45
[2025-10-20 12:41:10] [ERROR] Uncaught Exception: SQLSTATE[42S02]: Base table or view not found: 1146 Table 'chandusoft.enquiries' doesn't exist in C:\laragon\www\chandusoft\app\submit-enquiry.php:35
