[2025-10-23 09:54:30] Warning: Unreadable image directory: /../uploads/2025/10
[2025-10-23 09:54:30] Warning: Unreadable image directory: /../uploads
[2025-10-23 09:54:30] Warning: Unreadable image directory: /../uploads
[2025-10-23 09:54:30] Warning: Unreadable image directory: /../uploads
[2025-10-23 09:54:30] Warning: Unreadable image directory: /../uploads
[2025-10-23 09:54:30] Warning: Unreadable image directory: /../uploads/2025/10
[2025-10-23 09:54:49] Warning: Unreadable image directory: /../uploads/2025/10
[2025-10-23 09:54:49] Warning: Unreadable image directory: /../uploads
[2025-10-23 09:54:49] Warning: Unreadable image directory: /../uploads
[2025-10-23 09:54:49] Warning: Unreadable image directory: /../uploads
[2025-10-23 09:54:49] Warning: Unreadable image directory: /../uploads
[2025-10-23 09:54:49] Warning: Unreadable image directory: /../uploads/2025/10
[2025-10-23 10:02:24] Warning: Unreadable image directory: /../uploads/2025/10
[2025-10-23 10:02:24] Warning: Unreadable image directory: /../uploads
[2025-10-23 10:02:24] Warning: Unreadable image directory: /../uploads
[2025-10-23 10:02:24] Warning: Unreadable image directory: /../uploads
[2025-10-23 10:02:24] Warning: Unreadable image directory: /../uploads
[2025-10-23 10:02:24] Warning: Unreadable image directory: /../uploads/2025/10
[2025-10-23 11:25:58] Updated catalog item 29 by user 52
[2025-10-23 11:27:36] Deleted old image for item 29
[2025-10-23 11:27:39] Uploaded new image for item 29: /uploads/2025/10/img_68fa11283467e6.32182015.jpg
[2025-10-23 11:27:39] Updated catalog item 29 by user 52
[2025-10-23 11:28:17] Updated catalog item 29 by user 52
[2025-10-23 11:28:21] Updated catalog item 29 by user 52
[2025-10-23 11:28:22] Updated catalog item 29 by user 52
[2025-10-23 11:28:51] Deleted old image for item 29
[2025-10-23 11:28:54] Uploaded new image for item 29: /uploads/2025/10/img_68fa11731a39b9.70350903.jpg
[2025-10-23 11:28:54] Updated catalog item 29 by user 52
[2025-10-23 11:29:11] Validation error on item 29: Image must be smaller than 2MB.
[2025-10-23 11:29:13] Updated catalog item 29 by user 52
[2025-10-23 11:29:21] Validation error on item 29: Image must be smaller than 2MB.
[2025-10-23 11:33:26] [error] Upload failed - file too large by user 52
[2025-10-23 11:33:34] [info] File uploaded successfully by admin: img_68fa128e600752.04334092.jpg
[2025-10-23 11:33:34] [info] Deleted old image for item 29
[2025-10-23 11:33:34] [info] Updated catalog item 29 by user 52
[2025-10-23 11:33:44] [error] Upload failed - file too large by user 52
[2025-10-23 12:26:11] [info] File uploaded successfully by root: img_68fa1ee339b387.31338855.jfif
[2025-10-23 12:27:34] [info] File uploaded successfully by root: img_68fa1f3660cdc9.71530793.jpg
[2025-10-23 12:29:59] [info] File uploaded successfully by root: img_68fa1fc6de18f1.51691259.jpg Upload failed - directory not writable: C:\laragon\www\chandusoft\admin/../uploads/2025/10/
[2025-10-23 13:27:34] [error]
[2025-10-23 13:40:03] [info] File uploaded successfully by root: img_68fa3033abc990.84330085.png
[2025-10-23 14:17:39] [error] Server captcha secret not configured.
[2025-10-24 04:26:50] [error] Upload failed - file too large by user 52
[2025-10-24 04:27:33] [error] Upload failed - invalid file type by user 52
[2025-10-24 04:28:11] [info] File uploaded successfully by admin: img_68fb005b32cf87.79171636.png
[2025-10-24 04:28:11] [info] Deleted old image for item 33
[2025-10-24 04:28:11] [info] Updated catalog item 33 by user 52
[2025-10-24 07:40:30] [info] Updated catalog item 33 by user 52
[2025-10-24 07:45:22] [info] Updated catalog item 33 by user 52
[2025-10-24 07:55:03] [info] Updated catalog item 33 by user 52
[2025-10-28 07:28:55] [info] Updated catalog item 20 by user 52
[2025-10-28 08:52:45] [error] Server captcha secret not configured.
[2025-10-28 09:01:42] [error] Server captcha secret not configured.
[2025-10-28 11:28:39] [error] Server captcha secret not configured.
[2025-10-29 05:02:00] [error] Server captcha secret not configured.
[2025-10-29 05:46:24] [error] Server captcha secret not configured.
[2025-10-29 05:47:12] [error] Server captcha secret not configured.
[2025-10-29 05:47:42] [error] Server captcha secret not configured.
[2025-10-29 05:48:42] [error] Server captcha secret not configured.
[2025-10-29 05:49:15] [error] Server captcha secret not configured.
[2025-10-29 05:51:38] [error] Server captcha secret not configured.
[2025-10-29 06:30:36] [info] Updated catalog item 20 by user 52
[2025-10-29 06:53:31] [info] Updated catalog item 20 by user 52
[2025-10-29 06:54:28] [info] Updated catalog item 20 by user 52
[2025-10-29 06:54:40] [info] Updated catalog item 20 by user 52
[2025-10-30 04:18:14] [error] Server captcha secret not configured.
[2025-10-30 05:07:55] [info] Updated catalog item 16 by user 52
[2025-10-30 05:59:06] [error] Server captcha secret not configured.
[2025-10-30 06:00:49] [error] Server captcha secret not configured.
[2025-10-30 06:03:28] [error] Server captcha secret not configured.
[2025-10-30 06:18:14] [error] Server captcha secret not configured.
[2025-10-30 08:10:40] [info] File uploaded successfully by jaisai CH: img_69031d80b5fd99.90873141.png
[2025-10-30 08:11:35] [info] File uploaded successfully by jaisai CH: img_69031db74d4812.34681382.png
[2025-10-30 08:11:59] [info] Updated catalog item 16 by user 52
[2025-10-31 05:50:51] [info] File uploaded successfully by admin: img_69044e3b3172f5.50920688.jpg
[2025-10-31 05:50:51] [info] Updated catalog item 16 by user 52
[2025-10-31 07:44:48] [info] File uploaded successfully by admin: img_690468f0e55c55.58555556.jpg
[2025-10-31 07:44:48] [info] Deleted old image for item 16
[2025-10-31 07:44:48] [info] Updated catalog item 16 by user 52
