[2025-10-08 04:32:53] Mail send failed for zfgdfsd@gmail.com (samwer). Error: SMTP Error: Could not authenticate.
Message: ooooo

[2025-10-08 04:33:03] Mail send failed for zfgdfsd@gmail.com (samwer). Error: SMTP Error: Could not authenticate.
Message: ooooo

[2025-10-08 04:35:01] Mail send failed for zfgdfsd@gmail.com (samwer). Error: SMTP Error: Could not authenticate.
Message: ooooo

[2025-10-08 04:42:54] Mail send failed for shahid@gmail.com (Shahid). Error: SMTP Error: Could not authenticate.
Message: Haii......!!!

[2025-10-08 05:12:48] Mail send failed for gjdfgj@gmail.com (venkat). Error: SMTP Error: Could not authenticate.
Message: agdhgjsg

[2025-10-08 06:02:06] Mail send failed for sameera@gmail.com (sameer md). Error: SMTP Error: Could not authenticate.
Message: lgdf

[2025-10-08 06:03:08] Mail send failed for sameera@gmail.com (sameer md). Error: SMTP Error: Could not authenticate.
Message: lgdf

[2025-10-08 06:52:06] Mail send failed for uyuyu@gmail.com (uyuy). Error: SMTP Error: Could not authenticate.
Message: dfhjd

[2025-10-08 06:55:31] Mail send failed for dfnbn@gmail.com (nnbbvnc). Error: SMTP Error: Could not authenticate.
Message: rzgxszfg

[2025-10-08 13:48:57] Mail send failed for phanikumar@gmail.com (phani). Error: SMTP Error: Could not authenticate.
Message: asasasa asas as

[2025-10-08 13:49:08] Mail send failed for phanikumar@gmail.com (phani). Error: SMTP Error: Could not authenticate.
Message: asasasa asas as

