Array
(
    [POST] => Array
        (
            [csrf_token] => d127f15ed05a2020dc7aa56bb554d465d1252959938a7acf50079c92ca2170ee
            [product_id] => 34
            [cf-turnstile-response] => 0.pgPRKPhcZnlHnuWxnkg526SwvnpyloiDgVtohS939izGOn2CblTHpfGo7QK90GbDbFYT1v0Sa6lWIAGp6Dxt7t0oNXt7BAwzKqNIgbxxCSucueed4xrKmmgh5GUYjLSHB8R_-WsiA83Z_ovVBdUAhtCDXoBo4n34L-VSif_2ub8LWqE58T-HbZvHe7zj37fORVgM_3jd2ThnugUOZ1M8fScCt5RGSun9FOBHwO4G1_0cwnq_HDDlNUBDI7rjGlLtRtJ4gaNRBSYWEAQ7dXG_OFY4gIAAYsTmgneW-YvuboBL5d2-m8SjQf0vQ5JXWCJCv1uzDhhtaG3FcK3C2Rbat7mPE-56YkB7h_tmkZ_-lEYrLpmg1kgDpPocxpU_1RnUVZp03VLM5Nma917VwsN9sqWFMb2RGVnM-HgvaUgYD1YisiHZ0_zHWqvhtHy2DK2EBKuhXMUmmbAo0lRqMeLc2aW-Y2BcGVDfBsaVQbuFRJSSfx4noLfe1dtnWVJsndxa9Dif14e-9swE4WztSQOjBJ364vFRSm2UsD-jBOLtq1ksOudMI5pjKcOVpkKp1gCZ4BKL3BBH3aMcyyAnKQXZV3dTF2Vcg8cokFw-OfWMlRuJHhNsXpxSZXIqLzgA9YGcJ22RJtmyojcMNry7gdeO2SizDgOtH8u6awFOsfntoWDmUGsV5oXjRrFQAbFzOL1DAgTUN-TmhBgw0geqQa_pF2IztBHA-NbeYk3sdWp3-j1hHJC8Z0bCXHFKqiOfH7Oou821BHowksSnaUWlQcJolUkTNkDGSgN_o0amQA1vZdXrdlIK3efhfbZwDX-aJ0C2PW9D4xXwM1-Bc6d6DzN5V_1CdQJvk2YmyRhfCQKBbxbvJwtgAwv2BhpmzDCZIsT7iW4hgVa7Azowhw2SRvwab2x32a7flnekTyiHSfAZRmA.rScQ1GM4Ob5ypBpc2Rlh3g.255d7e8f1f6d7176ac5c07bb0f0029aa125e5c63e067a8edee1677b2e8fe65c9
            [name] => sameer
            [email] => Sameer.Mohammed@chandusoft.com
            [message] => dsdas
        )

    [captcha_response] => Array
        (
            [action] => 
            [cdata] => 
            [challenge_ts] => 2025-11-15T10:43:40.781Z
            [error-codes] => Array
                (
                )

            [hostname] => chandusoft.test
            [metadata] => Array
                (
                    [interactive] => 
                )

            [success] => 1
        )

)
Array
(
    [POST] => Array
        (
            [csrf_token] => 8f36e4095142533deb8eb9149c0147683cb3937c412cd6c744318f73d7bd5ea5
            [product_id] => 34
            [cf-turnstile-response] => 0.lz1OBRCWrVP-k8-Yj6qtzna22vcI-f3tE5WDQ9jjCKPv2EmHoghRqOugrBLx5chXiBUjtH88D7N5Oad3FKYWqS3n06R5RcMlYKXs4vImwo0sftbae4pMfyxCF7ydMmJ7Xy220vQuYApTYt4TWLvU0_7oqOyHj-6zSJ3Pv_IVTNlygPbVucX0LS4GF5xUjXqrjxemJ49Z-AoxhjaPK4C0x4duUQSCLl31nhDxdZfflw-t1KDz-GdU2_cFeBJTmJ9vWZ4mOjK3Az7xITm6uHYOYKHVIfEBnFNlpD5JfwPdfDH3C00QBkYqXPf75KTJKCJyosgZxZXDn-xheALsk1x4YwPyQsiUw9Fl5g-wHxYycGY757hRXawPAep9C_YjjN_2RJrtKbPlceaovSSubKY-3F9TO107prW-aoHh6SWtl_muwtL7DUV0tfzNu9bWWyZ5F6tTaD2yU0vHyxcOqCEbIHtLN93pnPHjVwBuvjvVvLJ5BtMz6h1so3vFxxxgT6VrvwOmFTZAG745dsTQ-scYBbJZl2VyizCvOv_qobzpEe2QOj3LxbCRo65Z-YZrqzSWKwQtkUHafGO3v1YS80vbV9ntIHv4wqv1RqszksxySPEpw_Jj0P2SgAxKliVFOk9tcTSj-vjgRb-7XeUZdB9cB6ykj9zAefN5ETj68tx-9sn8soD3HPNFPxsJHtXcQ1NNqUSWNr__vUfn9fa5nTCjVSPrN0P-ocg1s0SHWsVS498RECn5YOIyxm3qm2Q8GSEkjuOGsh6tyDl3gK2aOO8pRjAdpIarmZGMNPTk1R4pJtTgDS7-Oqw1C5hY1B8HkNc-Jr-f0NpORh-STtD-QDNR71svFanDvCSBRU1cxltivtD54PuFV5XykD-e3ilu6EwKRkYA07BqSaxXBzJsYwwyHnv_px9VymMLdMNIKipeBi4.meKK05LaceqthDW9wkl7Sw.da8495d798625426bab19bf07da513fbc18e6ce6dae1d1b1c1b11a5ef3733c5d
            [name] => Siva
            [email] => Sameer.Mohammed@chandusoft.com
            [message] => zfgdfgs
        )

    [captcha_response] => Array
        (
            [action] => 
            [cdata] => 
            [challenge_ts] => 2025-11-25T06:13:45.586Z
            [error-codes] => Array
                (
                )

            [hostname] => chandusoft.test
            [metadata] => Array
                (
                    [interactive] => 
                )

            [success] => 1
        )

)
